0 info it worked if it ends with ok
1 verbose cli [ 'node', '/usr/local/bin/npm', 'publish' ]
2 info using npm@2.0.0-alpha-5
3 info using node@v0.10.30
4 verbose node symlink /usr/local/bin/node
5 verbose publish [ '.' ]
6 verbose cache add [ '.', null ]
7 verbose cache add spec="." args=[".",null]
8 verbose cache add local package /Users/zachsilveira/Web/react-fetch
9 silly lockFile 3a52ce78- .
10 verbose lock . /Users/zachsilveira/.npm/3a52ce78-.lock
11 verbose tar pack [ '/Users/zachsilveira/.npm/react-fetch/0.0.2/package.tgz',
11 verbose tar pack   '.' ]
12 verbose tarball /Users/zachsilveira/.npm/react-fetch/0.0.2/package.tgz
13 verbose folder .
14 info prepublish react-fetch@0.0.2
15 silly lockFile 1f1177db-tar tar://.
16 verbose lock tar://. /Users/zachsilveira/.npm/1f1177db-tar.lock
17 silly lockFile d25d4ecf-pm-react-fetch-0-0-2-package-tgz tar:///Users/zachsilveira/.npm/react-fetch/0.0.2/package.tgz
18 verbose lock tar:///Users/zachsilveira/.npm/react-fetch/0.0.2/package.tgz /Users/zachsilveira/.npm/d25d4ecf-pm-react-fetch-0-0-2-package-tgz.lock
19 silly lockFile 1f1177db-tar tar://.
20 silly lockFile 1f1177db-tar tar://.
21 silly lockFile d25d4ecf-pm-react-fetch-0-0-2-package-tgz tar:///Users/zachsilveira/.npm/react-fetch/0.0.2/package.tgz
22 silly lockFile d25d4ecf-pm-react-fetch-0-0-2-package-tgz tar:///Users/zachsilveira/.npm/react-fetch/0.0.2/package.tgz
23 silly lockFile 62566f29-ra-npm-react-fetch-0-0-2-package /Users/zachsilveira/.npm/react-fetch/0.0.2/package
24 verbose lock /Users/zachsilveira/.npm/react-fetch/0.0.2/package /Users/zachsilveira/.npm/62566f29-ra-npm-react-fetch-0-0-2-package.lock
25 silly lockFile 62566f29-ra-npm-react-fetch-0-0-2-package /Users/zachsilveira/.npm/react-fetch/0.0.2/package
26 silly lockFile 62566f29-ra-npm-react-fetch-0-0-2-package /Users/zachsilveira/.npm/react-fetch/0.0.2/package
27 silly lockFile 3a52ce78- .
28 silly lockFile 3a52ce78- .
29 silly publish { name: 'react-fetch',
29 silly publish   description: 'A component that fetches data from an api',
29 silly publish   version: '0.0.2',
29 silly publish   main: './build/react-fetch.js',
29 silly publish   directories: { example: 'example' },
29 silly publish   scripts:
29 silly publish    { build: 'gulp clean && NODE_ENV=production gulp build',
29 silly publish      publish: 'gulp publish:examples' },
29 silly publish   repository:
29 silly publish    { type: 'git',
29 silly publish      url: 'https://github.com/zackify/react-fetch.git' },
29 silly publish   keywords: [ 'reactjs', 'fetch', 'input', 'component' ],
29 silly publish   'browserify-shim': { react: 'global:React' },
29 silly publish   author: { name: 'Zach Silveira' },
29 silly publish   license: 'ISC',
29 silly publish   bugs: { url: 'https://github.com/zackify/react-fetch/issues' },
29 silly publish   devDependencies:
29 silly publish    { gulp: '^3.8.11',
29 silly publish      'gulp-gh-pages': '^0.5.1',
29 silly publish      'react-component-gulp-tasks': '^0.7.0' },
29 silly publish   homepage: 'https://github.com/zackify/react-fetch',
29 silly publish   dependencies: { 'node-fetch': '^1.2.1', react: '^0.13.3' },
29 silly publish   readme: '##React Fetch\n\n##Install\n\n`npm install react-fetch`\n\n##Props\n\n`url`: where to fetch json data from\n`onSuccess`: function on successfully fetching the data\n`onError`: function to be called on error\n\n##Example\n\npass an api endpoint and the resulting object will be passed as a prop.\n\n~~~js\n\nimport React from \'react\'\nimport Fetch from \'react-fetch\'\n\nexport default class App extends React.Component{\n\n  render(){\n    return (\n      <Fetch url="http://api.openweathermap.org/data/2.5/weather?q=London,uk">\n        <TestComponent/>\n      </Fetch>\n    )\n  }\n\n}\n\nclass TestComponent extends React.Component{\n  render(){\n    console.log(this.props)\n    return <div/>\n  }\n}\nReact.render(<App />, document.getElementById(\'app\'));\n\n~~~\n\n###Rebuilding\n  \n  Run this to view the example in `example/dist`\n\n  npm run build',
29 silly publish   readmeFilename: 'README.md',
29 silly publish   gitHead: '74b06356a09b62e89b3047071c32fc83f5938954',
29 silly publish   _id: 'react-fetch@0.0.2',
29 silly publish   _shasum: '6caf739abfaf2bde59d6324f53e673d261039557',
29 silly publish   _from: '.' }
30 verbose mapToRegistry name react-fetch
31 verbose mapToRegistry uri https://registry.npmjs.org/react-fetch
32 verbose publish registryBase https://registry.npmjs.org/
33 verbose request where is /react-fetch
34 verbose request registry https://registry.npmjs.org/
35 verbose request id 30f1a3a29c1a5342
36 verbose request url raw /react-fetch
37 verbose request url resolving [ 'https://registry.npmjs.org/', './react-fetch' ]
38 verbose request url resolved https://registry.npmjs.org/react-fetch
39 verbose request where is https://registry.npmjs.org/react-fetch
40 verbose request setting basic auth
41 verbose request using bearer token for auth
42 info trying registry request attempt 1 at 16:33:25
43 http PUT https://registry.npmjs.org/react-fetch
44 http 200 https://registry.npmjs.org/react-fetch
45 info publish react-fetch@0.0.2
46 verbose unsafe-perm in lifecycle true
47 info react-fetch@0.0.2 Failed to exec publish script
48 error react-fetch@0.0.2 publish: `gulp publish:examples`
48 error Exit status 1
49 error Failed at the react-fetch@0.0.2 publish script.
49 error This is most likely a problem with the react-fetch package,
49 error not with npm itself.
49 error Tell the author that this fails on your system:
49 error     gulp publish:examples
49 error You can get their info via:
49 error     npm owner ls react-fetch
49 error There is likely additional logging output above.
50 error System Darwin 14.3.0
51 error command "node" "/usr/local/bin/npm" "publish"
52 error cwd /Users/zachsilveira/Web/react-fetch
53 error node -v v0.10.30
54 error npm -v 2.0.0-alpha-5
55 error code ELIFECYCLE
56 verbose exit [ 1, true ]
